<?xml version="1.0" encoding="utf-8"?><testsuites name="pytest tests"><testsuite name="pytest" errors="0" failures="2" skipped="0" tests="126" time="14.335" timestamp="2026-08-06T21:28:46.848741+08:00" hostname="AAA建材张总"><testcase classname="tests.test_agents" name="test_goal_agent_uses_llm" time="0.001" /><testcase classname="tests.test_agents" name="test_goal_agent_generates_rich_plan_fields" time="0.001" /><testcase classname="tests.test_agents" name="test_inline_feedback_agent_uses_llm" time="0.001" /><testcase classname="tests.test_agents" name="test_inline_feedback_agent_handles_chinglish" time="0.001" /><testcase classname="tests.test_agents" name="test_inline_feedback_prompt_requires_specific_replacements_and_concise_guidance" time="0.001" /><testcase classname="tests.test_agents" name="test_daily_review_agent_logic" time="0.001" /><testcase classname="tests.test_agents" name="test_memory_agent_logic" time="0.001" /><testcase classname="tests.test_agents" name="test_plan_adaptation_agent_logic" time="0.001" /><testcase classname="tests.test_agents" name="test_scenario_design_agent_logic" time="0.001" /><testcase classname="tests.test_agents" name="test_scenario_design_agent_generates_rich_lesson_pack" time="0.001" /><testcase classname="tests.test_agents" name="test_memory_agent_normalizes_missing_upserts_to_empty_list" time="0.001" /><testcase classname="tests.test_agents" name="test_plan_adaptation_agent_normalizes_bad_adjustments_to_empty_list" time="0.001" /><testcase classname="tests.test_agents" name="test_scenario_design_agent_keeps_array_fields_as_arrays" time="0.001" /><testcase classname="tests.test_agents" name="test_scenario_design_agent_uses_training_decision_and_memory_influence" time="0.001" /><testcase classname="tests.test_agents" name="test_conversation_agent_includes_practice_brief_context" time="0.001" /><testcase classname="tests.test_agents" name="test_agent_uses_default_prompts_without_repo" time="0.001" /><testcase classname="tests.test_agents" name="test_orchestrator_agent_returns_valid_strategy" time="0.001" /><testcase classname="tests.test_agents" name="test_orchestrator_agent_falls_back_on_bad_json" time="0.001" /><testcase classname="tests.test_agents" name="test_orchestrator_agent_returns_training_decision_and_memory_influence" time="0.001" /><testcase classname="tests.test_agents" name="test_orchestrator_parses_json_object_surrounded_by_model_text" time="0.001" /><testcase classname="tests.test_agents" name="test_orchestrator_parses_first_object_from_top_level_array" time="0.001" /><testcase classname="tests.test_agents" name="test_orchestrator_normalizes_string_recommended_actions" time="0.001" /><testcase classname="tests.test_agents" name="test_orchestrator_fallback_contains_continue_plan_decision" time="0.001" /><testcase classname="tests.test_api" name="test_health_check_returns_ok" time="0.008" /><testcase classname="tests.test_api" name="test_cors_allows_local_frontend" time="0.004" /><testcase classname="tests.test_api" name="test_onboarding_creates_profile_and_plan" time="0.123" /><testcase classname="tests.test_api" name="test_onboarding_returns_rich_plan_fields" time="0.101" /><testcase classname="tests.test_api" name="test_start_session_returns_rich_practice_brief" time="0.149" /><testcase classname="tests.test_api" name="test_complete_session_marks_plan_day_completed" time="0.225" /><testcase classname="tests.test_api" name="test_early_farewell_completion_not_counted_and_no_score" time="0.238" /><testcase classname="tests.test_api" name="test_complete_session_rejects_session_without_user_turn" time="0.156" /><testcase classname="tests.test_api" name="test_start_session_returns_completed_status_after_completion" time="0.277" /><testcase classname="tests.test_api" name="test_user_turn_uses_practice_brief_context" time="0.190" /><testcase classname="tests.test_api" name="test_user_turn_returns_completion_suggestion_after_three_turns" time="0.276" /><testcase classname="tests.test_api" name="test_current_learning_state_returns_latest_profile_and_plan" time="0.108" /><testcase classname="tests.test_api" name="test_tts_returns_generated_audio" time="0.007" /><testcase classname="tests.test_api" name="test_tts_voices_marks_current_default" time="0.007" /><testcase classname="tests.test_api" name="test_current_learning_state_cleans_legacy_configuration_summary" time="0.099" /><testcase classname="tests.test_api" name="test_session_turn_and_review_flow" time="0.188" /><testcase classname="tests.test_api" name="test_session_turn_uses_configured_llm_provider" time="0.189" /><testcase classname="tests.test_api" name="test_delete_turn_pair_removes_user_assistant_and_feedback" time="0.225" /><testcase classname="tests.test_api" name="test_delete_turn_pair_rejects_non_user_turn" time="0.149" /><testcase classname="tests.test_api" name="test_language_support_defines_selected_term" time="0.084" /><testcase classname="tests.test_api" name="test_prompt_api_lists_and_updates_seeded_prompt" time="0.115" /><testcase classname="tests.test_api" name="test_prompt_api_returns_404_for_unknown_prompt" time="0.089" /><testcase classname="tests.test_api" name="test_run_due_reviews_executes_learning_loop_pipeline" time="0.259" /><testcase classname="tests.test_api" name="test_run_due_reviews_is_idempotent" time="0.231" /><testcase classname="tests.test_api" name="test_session_start_uses_learning_loop_context_when_generating_brief" time="0.166" /><testcase classname="tests.test_api" name="test_sessions_end_endpoint_removed" time="0.005"><failure message="assert 405 == 404&#10; +  where 405 = &lt;Response [405 Method Not Allowed]&gt;.status_code">def test_sessions_end_endpoint_removed():
        client = TestClient(app)
        resp = client.post("/api/sessions/end", json={"session_id": 1})
&gt;       assert resp.status_code == 404
E       assert 405 == 404
E        +  where 405 = &lt;Response [405 Method Not Allowed]&gt;.status_code

tests\test_api.py:757: AssertionError</failure></testcase><testcase classname="tests.test_api" name="test_growth_summary_api_returns_teacher_memory" time="0.104"><failure message="AssertionError: assert [{'id': -99, ...一轮真实对话', ...}] == []&#10;  &#10;  Left contains one more item: {'id': -99, 'instruction': '从今日板块选择一个场景开始练习，系统会根据你的表现生成个性化的下一步重点。', 'priority': 'medium', 'rationale': '练习数据还不多，先积累一轮真实对话', ...}&#10;  Use -v to get more diff">tmp_path = WindowsPath('C:/Users/却绫/AppData/Local/Temp/pytest-of-却绫/pytest-53/test_growth_summary_api_return0')
monkeypatch = &lt;_pytest.monkeypatch.MonkeyPatch object at 0x0000021BF3F0BD90&gt;

    def test_growth_summary_api_returns_teacher_memory(tmp_path, monkeypatch):
        from app.models import OnboardingRequest
        from app.repositories import CoachRepository
    
        db_path = tmp_path / "coach.sqlite"
        monkeypatch.setenv("COACH_DB_PATH", str(db_path))
        init_db(db_path)
        repo = CoachRepository(db_path)
        profile = repo.save_profile(
            OnboardingRequest(
                learning_goal="Practice hotel check-in conversations",
                total_days=3,
                daily_minutes=20,
                current_level="B1",
            )
        )
        client = TestClient(app)
    
        response = client.get(f"/api/growth/summary?profile_id={profile['id']}")
    
        assert response.status_code == 200
        assert response.json()["latest_review"] is None
        assert response.json()["recent_reviews"] == []
        assert response.json()["active_memory"] == []
&gt;       assert response.json()["active_adjustments"] == []
E       AssertionError: assert [{'id': -99, ...一轮真实对话', ...}] == []
E         
E         Left contains one more item: {'id': -99, 'instruction': '从今日板块选择一个场景开始练习，系统会根据你的表现生成个性化的下一步重点。', 'priority': 'medium', 'rationale': '练习数据还不多，先积累一轮真实对话', ...}
E         Use -v to get more diff

tests\test_api.py:784: AssertionError</failure></testcase><testcase classname="tests.test_api" name="test_today_strategy_returns_training_decision_and_memory_influence" time="0.159" /><testcase classname="tests.test_api" name="test_today_strategy_refreshes_brief_when_decision_requires_it" time="0.178" /><testcase classname="tests.test_api" name="test_today_strategy_returns_orchestrated_plan" time="0.144" /><testcase classname="tests.test_asr" name="test_normalize_volume_amplifies_quiet_speech" time="0.001" /><testcase classname="tests.test_asr" name="test_normalize_volume_keeps_loud_audio_unchanged" time="0.001" /><testcase classname="tests.test_asr" name="test_normalize_volume_ignores_silence" time="0.001" /><testcase classname="tests.test_asr" name="test_normalize_volume_caps_extreme_gain_on_faint_noise" time="0.001" /><testcase classname="tests.test_asr" name="test_normalize_volume_handles_empty_input" time="0.001" /><testcase classname="tests.test_auth" name="test_auth_register_login_refresh_flow" time="1.523" /><testcase classname="tests.test_completion" name="test_completion_evaluator_does_not_suggest_before_three_user_turns" time="0.001" /><testcase classname="tests.test_completion" name="test_completion_evaluator_suggests_after_three_user_turns_without_major_blockers" time="0.001" /><testcase classname="tests.test_completion" name="test_completion_evaluator_returns_completed_when_session_has_ended_at" time="0.001" /><testcase classname="tests.test_completion" name="test_free_talk_never_suggests_completion_even_after_many_turns" time="0.001" /><testcase classname="tests.test_completion" name="test_plan_session_still_suggests_completion" time="0.001" /><testcase classname="tests.test_completion" name="test_farewell_from_user_suggests_completion_even_with_few_turns" time="0.001" /><testcase classname="tests.test_completion" name="test_farewell_from_assistant_suggests_completion" time="0.001" /><testcase classname="tests.test_completion" name="test_farewell_does_not_apply_to_free_talk" time="0.000" /><testcase classname="tests.test_completion" name="test_no_farewell_keeps_original_threshold_behavior" time="0.001" /><testcase classname="tests.test_completion" name="test_is_early_farewell_true_within_three_user_turns" time="0.000" /><testcase classname="tests.test_completion" name="test_is_early_farewell_false_after_three_user_turns" time="0.000" /><testcase classname="tests.test_completion" name="test_is_early_farewell_ignores_assistant_goodbye" time="0.001" /><testcase classname="tests.test_completion" name="test_build_completion_summary_short_practice_mentions_short_duration" time="0.001" /><testcase classname="tests.test_completion" name="test_build_completion_summary_deducts_two_or_three_points_per_error" time="0.001" /><testcase classname="tests.test_completion" name="test_build_completion_summary_score_floor_is_sixty" time="0.001" /><testcase classname="tests.test_config" name="test_load_settings_reads_dotenv_file" time="0.037" /><testcase classname="tests.test_config" name="test_load_dual_models" time="0.001" /><testcase classname="tests.test_contracts" name="test_training_decision_accepts_allowed_decision_types" time="0.001" /><testcase classname="tests.test_contracts" name="test_training_decision_rejects_unknown_decision_type" time="0.001" /><testcase classname="tests.test_contracts" name="test_memory_influence_accepts_allowed_influence_type" time="0.001" /><testcase classname="tests.test_contracts" name="test_orchestration_result_requires_training_decision" time="0.001" /><testcase classname="tests.test_conversation_agent" name="test_conversation_agent_reply_stream" time="0.001" /><testcase classname="tests.test_conversation_agent" name="test_conversation_agent_returns_dict" time="0.001" /><testcase classname="tests.test_conversation_agent" name="test_dynamic_conversation_prompt" time="0.001" /><testcase classname="tests.test_conversation_agent" name="test_conversation_prompt_uses_chinese_role_contract_and_prevents_user_substitution" time="0.001" /><testcase classname="tests.test_conversation_agent" name="test_conversation_prompt_defines_npc_role_boundary_in_chinese" time="0.001" /><testcase classname="tests.test_db" name="test_new_tables_exist" time="0.083" /><testcase classname="tests.test_db" name="test_agent_runs_table_exists" time="0.082" /><testcase classname="tests.test_db" name="test_new_prompts_seeded" time="0.003" /><testcase classname="tests.test_llm" name="test_openrouter_provider_sends_chat_completion_request" time="0.001" /><testcase classname="tests.test_llm" name="test_openrouter_provider_requests_json_object_response_for_object_prompts" time="0.001" /><testcase classname="tests.test_llm" name="test_openrouter_provider_does_not_force_json_object_for_array_prompts" time="0.001" /><testcase classname="tests.test_llm" name="test_openrouter_stream_complete" time="0.001" /><testcase classname="tests.test_llm" name="test_create_llm_provider_defaults_to_fake_without_api_key" time="0.001" /><testcase classname="tests.test_repositories" name="test_delete_profile" time="0.109" /><testcase classname="tests.test_repositories" name="test_get_all_profiles" time="0.099" /><testcase classname="tests.test_repositories" name="test_get_inline_feedback_for_session" time="0.093" /><testcase classname="tests.test_repositories" name="test_save_plan_persists_rich_learning_material_fields" time="0.098" /><testcase classname="tests.test_repositories" name="test_inline_feedback_preserves_structured_teaching_fields" time="0.087" /><testcase classname="tests.test_repositories" name="test_repository_completes_session_and_plan_day" time="0.109" /><testcase classname="tests.test_repositories" name="test_repository_complete_session_is_idempotent" time="0.134" /><testcase classname="tests.test_repositories" name="test_repository_finds_unreviewed_session_dates" time="0.116" /><testcase classname="tests.test_repositories" name="test_repository_skips_already_reviewed_session_dates" time="0.114" /><testcase classname="tests.test_repositories" name="test_repository_aggregates_review_sessions_with_turns" time="0.117" /><testcase classname="tests.test_repositories" name="test_repository_reads_loop_state_for_next_practice" time="0.119" /><testcase classname="tests.test_repositories" name="test_get_prompt_falls_back_to_default_prompts" time="0.087" /><testcase classname="tests.test_repositories" name="test_update_prompt_upserts_when_row_absent" time="0.098" /><testcase classname="tests.test_repositories" name="test_init_db_does_not_seed_prompts" time="0.080" /><testcase classname="tests.test_repositories" name="test_get_growth_summary_decodes_review_memory_and_adjustments" time="0.134" /><testcase classname="tests.test_repositories" name="test_upsert_memory_item_merges_same_category_content" time="0.101" /><testcase classname="tests.test_repositories" name="test_active_plan_adjustments_exclude_expired_items" time="0.110" /><testcase classname="tests.test_repositories" name="test_mark_plan_day_status_updates_learning_plan" time="0.101" /><testcase classname="tests.test_repositories" name="test_save_and_get_agent_runs" time="0.091" /><testcase classname="tests.test_session_resume" name="test_get_or_create_session_resumes_same_day" time="0.098" /><testcase classname="tests.test_session_resume" name="test_get_or_create_session_isolates_different_plan_days" time="0.090" /><testcase classname="tests.test_speakmate_learning_v2" name="test_catalog_and_bands" time="0.001" /><testcase classname="tests.test_speakmate_learning_v2" name="test_rule_first_and_citation" time="0.020" /><testcase classname="tests.test_speakmate_learning_v2" name="test_core_rules" time="0.002" /><testcase classname="tests.test_speakmate_learning_v2" name="test_rag_source" time="0.001" /><testcase classname="tests.test_speakmate_learning_v2" name="test_aggregation_and_difficulty" time="0.001" /><testcase classname="tests.test_speakmate_learning_v2" name="test_extended_rules_hit_chinese_learner_errors" time="0.004" /><testcase classname="tests.test_speakmate_learning_v2" name="test_extended_rules_keep_clean_sentences_quiet" time="0.002" /><testcase classname="tests.test_speakmate_learning_v2" name="test_extended_knowledge_base_and_sources" time="0.002" /><testcase classname="tests.test_tools" name="test_learning_tools_read_core_learning_state" time="0.126" /><testcase classname="tests.test_tools" name="test_learning_tools_report_unknown_tool_failure" time="0.076" /><testcase classname="tests.test_tools" name="test_get_relevant_memory_prioritizes_weakness_and_confidence" time="0.003" /><testcase classname="tests.test_tools" name="test_refresh_practice_brief_uses_factory_and_saves_result" time="0.001" /></testsuite></testsuites>