{"numTotalTestSuites":1,"numPassedTestSuites":1,"numFailedTestSuites":0,"numPendingTestSuites":0,"numTotalTests":36,"numPassedTests":36,"numFailedTests":0,"numPendingTests":0,"numTodoTests":0,"snapshot":{"added":0,"failure":false,"filesAdded":0,"filesRemoved":0,"filesRemovedList":[],"filesUnmatched":0,"filesUpdated":0,"matched":0,"total":0,"unchecked":0,"uncheckedKeysByFile":[],"unmatched":0,"updated":0,"didUpdate":false},"startTime":1786023009511,"success":true,"testResults":[{"assertionResults":[{"ancestorTitles":[],"fullName":"starts a new lesson in Learn mode before opening the chat","status":"passed","title":"starts a new lesson in Learn mode before opening the chat","duration":887.5349999999999,"failureMessages":[],"meta":{}},{"ancestorTitles":[],"fullName":"renders rich lesson pack materials in practice room","status":"passed","title":"renders rich lesson pack materials in practice room","duration":135.45299999999952,"failureMessages":[],"meta":{}},{"ancestorTitles":[],"fullName":"calls runDueReviews on mount","status":"passed","title":"calls runDueReviews on mount","duration":63.01900000000023,"failureMessages":[],"meta":{}},{"ancestorTitles":[],"fullName":"shows growth summary from teacher memory","status":"passed","title":"shows growth summary from teacher memory","duration":197.77599999999984,"failureMessages":[],"meta":{}},{"ancestorTitles":[],"fullName":"renders guided onboarding form first","status":"passed","title":"renders guided onboarding form first","duration":45.21090000000004,"failureMessages":[],"meta":{}},{"ancestorTitles":[],"fullName":"starts the daily practice immediately after onboarding","status":"passed","title":"starts the daily practice immediately after onboarding","duration":388.1174999999985,"failureMessages":[],"meta":{}},{"ancestorTitles":[],"fullName":"loads existing learning state directly into practice","status":"passed","title":"loads existing learning state directly into practice","duration":97.26249999999891,"failureMessages":[],"meta":{}},{"ancestorTitles":[],"fullName":"renders practice as a minimal chat workspace","status":"passed","title":"renders practice as a minimal chat workspace","duration":188.05929999999898,"failureMessages":[],"meta":{}},{"ancestorTitles":[],"fullName":"shows the recording composer without legacy voice controls","status":"passed","title":"shows the recording composer without legacy voice controls","duration":214.40400000000045,"failureMessages":[],"meta":{}},{"ancestorTitles":[],"fullName":"shows goal and level only inside profile page","status":"passed","title":"shows goal and level only inside profile page","duration":162.84889999999905,"failureMessages":[],"meta":{}},{"ancestorTitles":[],"fullName":"renders profile page with favorites, history and settings","status":"passed","title":"renders profile page with favorites, history and settings","duration":170.83320000000094,"failureMessages":[],"meta":{}},{"ancestorTitles":[],"fullName":"profile page no longer exposes developer or learning-goal tools","status":"passed","title":"profile page no longer exposes developer or learning-goal tools","duration":164.84850000000006,"failureMessages":[],"meta":{}},{"ancestorTitles":[],"fullName":"profile page collapses long favorites/history and shows score with difficulty","status":"passed","title":"profile page collapses long favorites/history and shows score with difficulty","duration":231.45269999999982,"failureMessages":[],"meta":{}},{"ancestorTitles":[],"fullName":"opens the learning plan from navigation after onboarding","status":"passed","title":"opens the learning plan from navigation after onboarding","duration":204.26620000000003,"failureMessages":[],"meta":{}},{"ancestorTitles":[],"fullName":"returns to practice from growth","status":"passed","title":"returns to practice from growth","duration":102.4984999999997,"failureMessages":[],"meta":{}},{"ancestorTitles":[],"fullName":"ignores duplicate send clicks while a response is pending","status":"passed","title":"ignores duplicate send clicks while a response is pending","duration":165.5648000000001,"failureMessages":[],"meta":{}},{"ancestorTitles":[],"fullName":"sends typed text and shows the assistant reply as text and plays audio","status":"passed","title":"sends typed text and shows the assistant reply as text and plays audio","duration":622.7309999999998,"failureMessages":[],"meta":{}},{"ancestorTitles":[],"fullName":"renders structured correction feedback as a clear teaching card","status":"passed","title":"renders structured correction feedback as a clear teaching card","duration":99.85040000000117,"failureMessages":[],"meta":{}},{"ancestorTitles":[],"fullName":"no longer shows the inline explain popover on text selection","status":"passed","title":"no longer shows the inline explain popover on text selection","duration":131.84820000000036,"failureMessages":[],"meta":{}},{"ancestorTitles":[],"fullName":"lets the user manually complete today's practice and shows summary","status":"passed","title":"lets the user manually complete today's practice and shows summary","duration":218.47149999999965,"failureMessages":[],"meta":{}},{"ancestorTitles":[],"fullName":"shows agent completion suggestion after a turn and allows continuing","status":"passed","title":"shows agent completion suggestion after a turn and allows continuing","duration":296.5488999999998,"failureMessages":[],"meta":{}},{"ancestorTitles":[],"fullName":"renders vocabulary help feedback when the user asks what a word means","status":"passed","title":"renders vocabulary help feedback when the user asks what a word means","duration":106.3107,"failureMessages":[],"meta":{}},{"ancestorTitles":[],"fullName":"replays an assistant message from its speaker button","status":"passed","title":"replays an assistant message from its speaker button","duration":598.3429999999989,"failureMessages":[],"meta":{}},{"ancestorTitles":[],"fullName":"deletes a user and assistant turn pair from the trash icon","status":"passed","title":"deletes a user and assistant turn pair from the trash icon","duration":164.04280000000108,"failureMessages":[],"meta":{}},{"ancestorTitles":[],"fullName":"does not expose standalone studio navigation","status":"passed","title":"does not expose standalone studio navigation","duration":104.96110000000044,"failureMessages":[],"meta":{}},{"ancestorTitles":[],"fullName":"shows login page when signed out","status":"passed","title":"shows login page when signed out","duration":45.66430000000037,"failureMessages":[],"meta":{}},{"ancestorTitles":[],"fullName":"logs in with phone and password and enters the app","status":"passed","title":"logs in with phone and password and enters the app","duration":87.42909999999938,"failureMessages":[],"meta":{}},{"ancestorTitles":[],"fullName":"logs out from the sidebar and returns to login","status":"passed","title":"logs out from the sidebar and returns to login","duration":122.99749999999949,"failureMessages":[],"meta":{}},{"ancestorTitles":[],"fullName":"hides the today picker cards after selecting a scenario","status":"passed","title":"hides the today picker cards after selecting a scenario","duration":142.4400999999998,"failureMessages":[],"meta":{}},{"ancestorTitles":[],"fullName":"resumes the last scenario conversation after logout and login","status":"passed","title":"resumes the last scenario conversation after logout and login","duration":243.38999999999942,"failureMessages":[],"meta":{}},{"ancestorTitles":[],"fullName":"starts the first card in today view when a learning path is chosen","status":"passed","title":"starts the first card in today view when a learning path is chosen","duration":209.60070000000087,"failureMessages":[],"meta":{}},{"ancestorTitles":[],"fullName":"offers a free-talk entry in today view","status":"passed","title":"offers a free-talk entry in today view","duration":118.05029999999897,"failureMessages":[],"meta":{}},{"ancestorTitles":[],"fullName":"refetches scenarios with the selected difficulty tier","status":"passed","title":"refetches scenarios with the selected difficulty tier","duration":145.7429000000011,"failureMessages":[],"meta":{}},{"ancestorTitles":[],"fullName":"locates the conversation turn when a feedback card is clicked","status":"passed","title":"locates the conversation turn when a feedback card is clicked","duration":98.66059999999925,"failureMessages":[],"meta":{}},{"ancestorTitles":[],"fullName":"enters and exits phone mode","status":"passed","title":"enters and exits phone mode","duration":246.0594999999994,"failureMessages":[],"meta":{}},{"ancestorTitles":[],"fullName":"mutes auto-play of AI replies with one click","status":"passed","title":"mutes auto-play of AI replies with one click","duration":445.3244999999988,"failureMessages":[],"meta":{}}],"startTime":1786023019442,"endTime":1786023027113.3245,"status":"passed","message":"","name":"C:/Users/却绫/Desktop/speaking practice 提交版/app/frontend/src/App.test.tsx"}]}